[15-Apr-2024 17:11:48 Europe/Paris] Exception : APP_NAME is not defined in the .env file. File : /Applications/MAMP/htdocs/core/App.php line 37
[15-Apr-2024 17:12:45 Europe/Paris] Exception : Page not found.. File : /Applications/MAMP/htdocs/core/Router.php line 120
[15-Apr-2024 17:13:45 Europe/Paris] Exception : The requested route has no match.. File : /Applications/MAMP/htdocs/core/Router.php line 120
[15-Apr-2024 17:13:56 Europe/Paris] Exception : The requested route has no match. File : /Applications/MAMP/htdocs/core/Router.php line 120
[16-Apr-2024 09:42:49 Europe/Paris] Exception : The requested route has no match. File : /Applications/MAMP/htdocs/core/Router.php line 120
[16-Apr-2024 09:46:45 Europe/Paris] Exception : The requested route has no match. File : /Applications/MAMP/htdocs/core/Router.php line 120
[16-Apr-2024 09:48:32 Europe/Paris] Exception : The requested route has no match. File : /Applications/MAMP/htdocs/core/Router.php line 120
[16-Apr-2024 10:01:31 Europe/Paris] Exception : The requested route has no match. File : /Applications/MAMP/htdocs/core/Router.php line 120
[16-Apr-2024 11:09:05 Europe/Paris] Exception : The requested route has no match. File : /Applications/MAMP/htdocs/core/Router.php line 120
[16-Apr-2024 12:04:35 Europe/Paris] Exception : Missing annotation @view in method docblock. File : /Applications/MAMP/htdocs/core/Core.php line 43
[16-Apr-2024 12:05:36 Europe/Paris] Exception : Missing annotation @view in method docblock. File : /Applications/MAMP/htdocs/core/Core.php line 43
[16-Apr-2024 12:05:37 Europe/Paris] Exception : Missing annotation @view in method docblock. File : /Applications/MAMP/htdocs/core/Core.php line 43
[16-Apr-2024 12:05:38 Europe/Paris] Exception : Missing annotation @view in method docblock. File : /Applications/MAMP/htdocs/core/Core.php line 43
[16-Apr-2024 12:29:30 Europe/Paris] Exception : SQLSTATE[42S02]: Base table or view not found: 1146 Table 'my_cinema.movie' doesn't exist. File : /Applications/MAMP/htdocs/core/Core.php line 43
[16-Apr-2024 12:45:08 Europe/Paris] Exception : SQLSTATE[42S02]: Base table or view not found: 1146 Table 'my_cinema.movie' doesn't exist. File : /Applications/MAMP/htdocs/core/Core.php line 43
[16-Apr-2024 12:45:30 Europe/Paris] Exception : SQLSTATE[42S02]: Base table or view not found: 1146 Table 'my_cinema.movie' doesn't exist. File : /Applications/MAMP/htdocs/core/Core.php line 43
[16-Apr-2024 12:45:54 Europe/Paris] Exception : SQLSTATE[42S02]: Base table or view not found: 1146 Table 'my_cinema.movie' doesn't exist. File : /Applications/MAMP/htdocs/core/Core.php line 43
[16-Apr-2024 12:46:31 Europe/Paris] Exception : SQLSTATE[42S02]: Base table or view not found: 1146 Table 'my_cinema.movie' doesn't exist. File : /Applications/MAMP/htdocs/core/Core.php line 43
[16-Apr-2024 12:46:44 Europe/Paris] Exception : SQLSTATE[42S02]: Base table or view not found: 1146 Table 'my_cinema.movie' doesn't exist. File : /Applications/MAMP/htdocs/core/Core.php line 43
[16-Apr-2024 12:46:50 Europe/Paris] Exception : SQLSTATE[42S02]: Base table or view not found: 1146 Table 'my_cinema.movie' doesn't exist. File : /Applications/MAMP/htdocs/core/Core.php line 43
[16-Apr-2024 12:47:31 Europe/Paris] Exception : SQLSTATE[42S02]: Base table or view not found: 1146 Table 'my_cinema.movie' doesn't exist. File : /Applications/MAMP/htdocs/core/Core.php line 43
[16-Apr-2024 12:48:07 Europe/Paris] Exception : SQLSTATE[42S02]: Base table or view not found: 1146 Table 'my_cinema.movie' doesn't exist. File : /Applications/MAMP/htdocs/core/Core.php line 43
[16-Apr-2024 12:53:43 Europe/Paris] Exception : No properties found for Movie. File : /Applications/MAMP/htdocs/core/Core.php line 43
[16-Apr-2024 14:19:17 Europe/Paris] Exception : Error executing SQL command: SQLSTATE[42000]: Syntax error or access violation: 1064 You have an error in your SQL syntax; check the manual that corresponds to your MySQL server version for the right syntax to use near '`title` VARCHAR(255) NOT NULL, `id_genre` INT NOT NULL, `director` VARCHAR(255) ' at line 1. File: /Applications/MAMP/htdocs/core/../database.sql. File : /Applications/MAMP/htdocs/core/Core.php line 43
[16-Apr-2024 14:21:07 Europe/Paris] Exception : Error executing SQL command: SQLSTATE[42000]: Syntax error or access violation: 1064 You have an error in your SQL syntax; check the manual that corresponds to your MySQL server version for the right syntax to use near '`title` VARCHAR(255) NOT NULL, `id_genre` INT NOT NULL, `director` VARCHAR(255) ' at line 1. File: /Applications/MAMP/htdocs/core/../database.sql. File : /Applications/MAMP/htdocs/core/Core.php line 43
[16-Apr-2024 14:25:29 Europe/Paris] Exception : Error executing SQL command: SQLSTATE[42S22]: Column not found: 1054 Unknown column 'phone' in 'user'. File: /Applications/MAMP/htdocs/core/../database.sql. File : /Applications/MAMP/htdocs/core/Core.php line 43
[16-Apr-2024 14:28:04 Europe/Paris] Exception : Error executing SQL command: SQLSTATE[42S22]: Column not found: 1054 Unknown column 'phone' in 'user'. File: /Applications/MAMP/htdocs/core/../database.sql. File : /Applications/MAMP/htdocs/core/Core.php line 43
[16-Apr-2024 14:29:45 Europe/Paris] Exception : Error executing SQL command: SQLSTATE[42000]: Syntax error or access violation: 1068 Multiple primary key defined. File: /Applications/MAMP/htdocs/core/../database.sql. File : /Applications/MAMP/htdocs/core/Core.php line 43
[16-Apr-2024 14:33:46 Europe/Paris] Exception : Error executing SQL command: SQLSTATE[42000]: Syntax error or access violation: 1075 Incorrect table definition; there can be only one auto column and it must be defined as a key. File: /Applications/MAMP/htdocs/core/../database.sql. File : /Applications/MAMP/htdocs/core/Core.php line 43
[16-Apr-2024 14:36:45 Europe/Paris] Exception : Error executing SQL command: SQLSTATE[42000]: Syntax error or access violation: 1075 Incorrect table definition; there can be only one auto column and it must be defined as a key. File: /Applications/MAMP/htdocs/core/../database.sql. File : /Applications/MAMP/htdocs/core/Core.php line 43
[16-Apr-2024 14:36:46 Europe/Paris] Exception : Error executing SQL command: SQLSTATE[42000]: Syntax error or access violation: 1075 Incorrect table definition; there can be only one auto column and it must be defined as a key. File: /Applications/MAMP/htdocs/core/../database.sql. File : /Applications/MAMP/htdocs/core/Core.php line 43
[16-Apr-2024 14:36:47 Europe/Paris] Exception : Error executing SQL command: SQLSTATE[42000]: Syntax error or access violation: 1075 Incorrect table definition; there can be only one auto column and it must be defined as a key. File: /Applications/MAMP/htdocs/core/../database.sql. File : /Applications/MAMP/htdocs/core/Core.php line 43
[16-Apr-2024 14:46:45 Europe/Paris] Exception : Error executing SQL command: SQLSTATE[42000]: Syntax error or access violation: 1064 You have an error in your SQL syntax; check the manual that corresponds to your MySQL server version for the right syntax to use near 'COLUMN `id`, MODIFY COLUMN `title` VARCHAR(255) NOT NULL AFTER COLUMN `title`, M' at line 1. File: /Applications/MAMP/htdocs/core/../database.sql. File : /Applications/MAMP/htdocs/core/Core.php line 43
[16-Apr-2024 14:48:02 Europe/Paris] Exception : Error executing SQL command: SQLSTATE[42000]: Syntax error or access violation: 1064 You have an error in your SQL syntax; check the manual that corresponds to your MySQL server version for the right syntax to use near 'COLUMN `id`, MODIFY COLUMN `title` VARCHAR(255) NOT NULL AFTER COLUMN `title`, M' at line 1. File: /Applications/MAMP/htdocs/core/../database.sql. File : /Applications/MAMP/htdocs/core/Core.php line 43
[16-Apr-2024 14:48:03 Europe/Paris] Exception : Error executing SQL command: SQLSTATE[42000]: Syntax error or access violation: 1064 You have an error in your SQL syntax; check the manual that corresponds to your MySQL server version for the right syntax to use near 'COLUMN `id`, MODIFY COLUMN `title` VARCHAR(255) NOT NULL AFTER COLUMN `title`, M' at line 1. File: /Applications/MAMP/htdocs/core/../database.sql. File : /Applications/MAMP/htdocs/core/Core.php line 43
[16-Apr-2024 14:49:46 Europe/Paris] Exception : Error executing SQL command: SQLSTATE[42000]: Syntax error or access violation: 1064 You have an error in your SQL syntax; check the manual that corresponds to your MySQL server version for the right syntax to use near 'COLUMN `id`, MODIFY COLUMN `title` VARCHAR(255) NOT NULL AFTER COLUMN `title`, M' at line 1. File: /Applications/MAMP/htdocs/core/../database.sql. File : /Applications/MAMP/htdocs/core/Core.php line 43
[16-Apr-2024 14:49:48 Europe/Paris] Exception : Error executing SQL command: SQLSTATE[42000]: Syntax error or access violation: 1064 You have an error in your SQL syntax; check the manual that corresponds to your MySQL server version for the right syntax to use near 'COLUMN `id`, MODIFY COLUMN `title` VARCHAR(255) NOT NULL AFTER COLUMN `title`, M' at line 1. File: /Applications/MAMP/htdocs/core/../database.sql. File : /Applications/MAMP/htdocs/core/Core.php line 43
[16-Apr-2024 14:49:49 Europe/Paris] Exception : Error executing SQL command: SQLSTATE[42000]: Syntax error or access violation: 1064 You have an error in your SQL syntax; check the manual that corresponds to your MySQL server version for the right syntax to use near 'COLUMN `id`, MODIFY COLUMN `title` VARCHAR(255) NOT NULL AFTER COLUMN `title`, M' at line 1. File: /Applications/MAMP/htdocs/core/../database.sql. File : /Applications/MAMP/htdocs/core/Core.php line 43
[16-Apr-2024 14:49:49 Europe/Paris] Exception : Error executing SQL command: SQLSTATE[42000]: Syntax error or access violation: 1064 You have an error in your SQL syntax; check the manual that corresponds to your MySQL server version for the right syntax to use near 'COLUMN `id`, MODIFY COLUMN `title` VARCHAR(255) NOT NULL AFTER COLUMN `title`, M' at line 1. File: /Applications/MAMP/htdocs/core/../database.sql. File : /Applications/MAMP/htdocs/core/Core.php line 43
[16-Apr-2024 14:49:50 Europe/Paris] Exception : Error executing SQL command: SQLSTATE[42000]: Syntax error or access violation: 1064 You have an error in your SQL syntax; check the manual that corresponds to your MySQL server version for the right syntax to use near 'COLUMN `id`, MODIFY COLUMN `title` VARCHAR(255) NOT NULL AFTER COLUMN `title`, M' at line 1. File: /Applications/MAMP/htdocs/core/../database.sql. File : /Applications/MAMP/htdocs/core/Core.php line 43
[16-Apr-2024 14:49:50 Europe/Paris] Exception : Error executing SQL command: SQLSTATE[42000]: Syntax error or access violation: 1064 You have an error in your SQL syntax; check the manual that corresponds to your MySQL server version for the right syntax to use near 'COLUMN `id`, MODIFY COLUMN `title` VARCHAR(255) NOT NULL AFTER COLUMN `title`, M' at line 1. File: /Applications/MAMP/htdocs/core/../database.sql. File : /Applications/MAMP/htdocs/core/Core.php line 43
[16-Apr-2024 14:49:50 Europe/Paris] Exception : Error executing SQL command: SQLSTATE[42000]: Syntax error or access violation: 1064 You have an error in your SQL syntax; check the manual that corresponds to your MySQL server version for the right syntax to use near 'COLUMN `id`, MODIFY COLUMN `title` VARCHAR(255) NOT NULL AFTER COLUMN `title`, M' at line 1. File: /Applications/MAMP/htdocs/core/../database.sql. File : /Applications/MAMP/htdocs/core/Core.php line 43
[16-Apr-2024 15:48:39 Europe/Paris] Exception : The requested route has no match. File : /Applications/MAMP/htdocs/core/Core.php line 45
[17-Apr-2024 10:37:30 Europe/Paris] Exception : Undefined method 'setEmail'. File : /Applications/MAMP/htdocs/core/Core.php line 47
[17-Apr-2024 10:55:24 Europe/Paris] Exception : Undefined method 'setEmail'. File : /Applications/MAMP/htdocs/core/Core.php line 47
[17-Apr-2024 10:57:15 Europe/Paris] Exception : Undefined method 'setEmail', property 'email' does not exist with prefix 'set'.. File : /Applications/MAMP/htdocs/core/Core.php line 47
[17-Apr-2024 11:00:18 Europe/Paris] Exception : Undefined method 'setEmail', property 'email' does not exist with prefix 'set'.. File : /Applications/MAMP/htdocs/core/Core.php line 47
[17-Apr-2024 11:03:21 Europe/Paris] Exception : Undefined method 'getEmail', property 'email' does not exist with prefix 'get'.. File : /Applications/MAMP/htdocs/core/Core.php line 47
[17-Apr-2024 11:24:05 Europe/Paris] Exception : Undefined method 'setIdGenre', property 'idGenre' does not exist with prefix 'set'.. File : /Applications/MAMP/htdocs/core/Core.php line 47
[17-Apr-2024 11:42:07 Europe/Paris] Exception : APP_NAME is not defined in the .env file. File : /Applications/MAMP/htdocs/core/Core.php line 47
[17-Apr-2024 11:47:37 Europe/Paris] Exception : APP_NAME is not defined in the .env file. File : /Applications/MAMP/htdocs/core/Core.php line 47
[17-Apr-2024 11:47:40 Europe/Paris] Exception : APP_NAME is not defined in the .env file. File : /Applications/MAMP/htdocs/core/Core.php line 47
[17-Apr-2024 15:21:30 Europe/Paris] Exception : SQLSTATE[HY000]: General error: 1364 Field 'id_genre' doesn't have a default value. File : /Applications/MAMP/htdocs/core/Core.php line 47
[17-Apr-2024 15:28:04 Europe/Paris] Exception : SQLSTATE[HY000]: General error: 1364 Field 'id_genre' doesn't have a default value. File : /Applications/MAMP/htdocs/core/Core.php line 47
[17-Apr-2024 15:43:48 Europe/Paris] Exception : SQLSTATE[HY000]: General error: 1364 Field 'email' doesn't have a default value. File : /Applications/MAMP/htdocs/core/Core.php line 47
[17-Apr-2024 16:33:39 Europe/Paris] Exception : SQLSTATE[23000]: Integrity constraint violation: 1048 Column 'gender' cannot be null. File : /Applications/MAMP/htdocs/core/Core.php line 47
[17-Apr-2024 16:40:48 Europe/Paris] Exception : The requested route has no match. File : /Applications/MAMP/htdocs/core/Core.php line 47
[18-Apr-2024 10:57:23 Europe/Paris] Exception : The requested route has no match. File : /Applications/MAMP/htdocs/core/Core.php line 47
[18-Apr-2024 15:20:18 Europe/Paris] Exception : Identifiants incorrects.. File : /Applications/MAMP/htdocs/core/Core.php line 47
[18-Apr-2024 15:29:31 Europe/Paris] Exception : The requested route has no match. File : /Applications/MAMP/htdocs/core/Core.php line 47
[23-Apr-2024 16:56:05 Europe/Paris] Exception : The requested route has no match. File : /Applications/MAMP/htdocs/core/Core.php line 47
[23-Apr-2024 16:56:40 Europe/Paris] Exception : The requested route has no match. File : /Applications/MAMP/htdocs/core/Core.php line 47
[24-Apr-2024 09:30:30 Europe/Paris] Exception : Session variable not set.. File : /Applications/MAMP/htdocs/core/Core.php line 47
[24-Apr-2024 16:39:17 Europe/Paris] Exception : Missing @Column annotation for User::articles. File : /Applications/MAMP/htdocs/core/Core.php line 47
[24-Apr-2024 16:41:29 Europe/Paris] Exception : Missing @Column annotation for User::articles. File : /Applications/MAMP/htdocs/core/Core.php line 47
[24-Apr-2024 16:41:30 Europe/Paris] Exception : Missing @Column annotation for User::articles. File : /Applications/MAMP/htdocs/core/Core.php line 47
[24-Apr-2024 16:49:42 Europe/Paris] Exception : Missing @Column annotation for User::articles. File : /Applications/MAMP/htdocs/core/Core.php line 47
[24-Apr-2024 16:51:12 Europe/Paris] Exception : Missing @Column annotation for User::articles. File : /Applications/MAMP/htdocs/core/Core.php line 47
[25-Apr-2024 10:21:17 Europe/Paris] Exception : The requested route has no match. File : /Applications/MAMP/htdocs/core/Core.php line 47
[25-Apr-2024 15:41:36 Europe/Paris] Exception : Class \App\Controller\updateAction does not exist. File : /Applications/MAMP/htdocs/core/Core.php line 47
[25-Apr-2024 15:42:16 Europe/Paris] Exception : Class \App\Controller\updateAction does not exist. File : /Applications/MAMP/htdocs/core/Core.php line 47
[25-Apr-2024 15:55:23 Europe/Paris] Exception : ID is required for update operation. File : /Applications/MAMP/htdocs/core/Core.php line 47
[25-Apr-2024 15:55:50 Europe/Paris] Exception : ID is required for update operation. File : /Applications/MAMP/htdocs/core/Core.php line 47
[25-Apr-2024 15:56:31 Europe/Paris] Exception : ID is required for update operation. File : /Applications/MAMP/htdocs/core/Core.php line 47
[25-Apr-2024 15:56:52 Europe/Paris] Exception : ID is required for update operation. File : /Applications/MAMP/htdocs/core/Core.php line 47
[26-Apr-2024 09:23:45 Europe/Paris] Exception : Action not found: home. File : /Applications/MAMP/htdocs/core/Core.php line 47
[26-Apr-2024 09:31:15 Europe/Paris] Exception : The requested route has no match. File : /Applications/MAMP/htdocs/core/Core.php line 47
[26-Apr-2024 09:31:22 Europe/Paris] Exception : The requested route has no match. File : /Applications/MAMP/htdocs/core/Core.php line 47
[26-Apr-2024 09:31:23 Europe/Paris] Exception : The requested route has no match. File : /Applications/MAMP/htdocs/core/Core.php line 47
[26-Apr-2024 09:31:23 Europe/Paris] Exception : The requested route has no match. File : /Applications/MAMP/htdocs/core/Core.php line 47
[26-Apr-2024 09:31:23 Europe/Paris] Exception : The requested route has no match. File : /Applications/MAMP/htdocs/core/Core.php line 47
[26-Apr-2024 09:31:23 Europe/Paris] Exception : The requested route has no match. File : /Applications/MAMP/htdocs/core/Core.php line 47
[26-Apr-2024 09:31:23 Europe/Paris] Exception : The requested route has no match. File : /Applications/MAMP/htdocs/core/Core.php line 47
[26-Apr-2024 09:31:24 Europe/Paris] Exception : The requested route has no match. File : /Applications/MAMP/htdocs/core/Core.php line 47
[26-Apr-2024 09:31:24 Europe/Paris] Exception : The requested route has no match. File : /Applications/MAMP/htdocs/core/Core.php line 47
[26-Apr-2024 09:31:24 Europe/Paris] Exception : The requested route has no match. File : /Applications/MAMP/htdocs/core/Core.php line 47
[26-Apr-2024 09:31:24 Europe/Paris] Exception : The requested route has no match. File : /Applications/MAMP/htdocs/core/Core.php line 47
[26-Apr-2024 09:31:24 Europe/Paris] Exception : The requested route has no match. File : /Applications/MAMP/htdocs/core/Core.php line 47
[26-Apr-2024 09:31:25 Europe/Paris] Exception : The requested route has no match. File : /Applications/MAMP/htdocs/core/Core.php line 47
[26-Apr-2024 09:35:52 Europe/Paris] Exception : Action not found: home. File : /Applications/MAMP/htdocs/core/Core.php line 47
[26-Apr-2024 09:38:06 Europe/Paris] Exception : Action not found: home, in controller: \App\Controller\Movie. File : /Applications/MAMP/htdocs/core/Core.php line 47
[26-Apr-2024 09:40:13 Europe/Paris] Exception : Action not found: home, in controller: \App\Controller\Movie. File : /Applications/MAMP/htdocs/core/Core.php line 47
[26-Apr-2024 10:00:56 Europe/Paris] Exception : Class \App\Entity\Genre does not exist. File : /Applications/MAMP/htdocs/core/Core.php line 47
[26-Apr-2024 10:42:18 Europe/Paris] Exception : Table user does not exist. File : /Applications/MAMP/htdocs/core/Core.php line 47
[26-Apr-2024 10:43:30 Europe/Paris] Exception : Error executing SQL command: SQLSTATE[42000]: Syntax error or access violation: 1064 You have an error in your SQL syntax; check the manual that corresponds to your MySQL server version for the right syntax to use near ';
CREATE TABLE IF NOT EXISTS `movie_genre` (`id` integer AUTO_INCREMENT NOT NULL' at line 1. File: /Applications/MAMP/htdocs/core/../migrations//2024-04-26-08-43-30.sql. File : /Applications/MAMP/htdocs/core/Core.php line 47
[26-Apr-2024 10:44:15 Europe/Paris] Exception : Error executing SQL command: SQLSTATE[42000]: Syntax error or access violation: 1064 You have an error in your SQL syntax; check the manual that corresponds to your MySQL server version for the right syntax to use near ';
CREATE TABLE IF NOT EXISTS `movie_genre` (`id` integer AUTO_INCREMENT NOT NULL' at line 1. File: /Applications/MAMP/htdocs/core/../migrations//2024-04-26-08-44-15.sql. File : /Applications/MAMP/htdocs/core/Core.php line 47
[26-Apr-2024 10:45:53 Europe/Paris] Exception : Table user does not exist. File : /Applications/MAMP/htdocs/core/Core.php line 47
[26-Apr-2024 10:46:09 Europe/Paris] Exception : Error executing SQL command: SQLSTATE[42S02]: Base table or view not found: 1051 Unknown table 'my_cinema.movie'. File: /Applications/MAMP/htdocs/core/../migrations//2024-04-26-08-46-09.sql. File : /Applications/MAMP/htdocs/core/Core.php line 47
[26-Apr-2024 10:47:53 Europe/Paris] Exception : Table user does not exist. File : /Applications/MAMP/htdocs/core/Core.php line 47
[26-Apr-2024 10:50:40 Europe/Paris] Exception : Table user does not exist. File : /Applications/MAMP/htdocs/core/Core.php line 47
[26-Apr-2024 10:51:22 Europe/Paris] Exception : Error executing SQL command: SQLSTATE[42S02]: Base table or view not found: 1051 Unknown table 'my_cinema.genre'. File: /Applications/MAMP/htdocs/core/../migrations//2024-04-26-08-51-22.sql. File : /Applications/MAMP/htdocs/core/Core.php line 47
[26-Apr-2024 10:52:25 Europe/Paris] Exception : Error executing SQL command: SQLSTATE[42S02]: Base table or view not found: 1051 Unknown table 'my_cinema.movie'. File: /Applications/MAMP/htdocs/core/../migrations//2024-04-26-08-52-25.sql. File : /Applications/MAMP/htdocs/core/Core.php line 47
[26-Apr-2024 10:52:52 Europe/Paris] Exception : Error executing SQL command: SQLSTATE[42S02]: Base table or view not found: 1146 Table 'my_cinema.movie_genre' doesn't exist. File: /Applications/MAMP/htdocs/core/../migrations//2024-04-26-08-52-52.sql. File : /Applications/MAMP/htdocs/core/Core.php line 47
[26-Apr-2024 10:54:18 Europe/Paris] Exception : Error executing SQL command: SQLSTATE[42S02]: Base table or view not found: 1051 Unknown table 'my_cinema.movie'. File: /Applications/MAMP/htdocs/core/../migrations//2024-04-26-08-54-18.sql. File : /Applications/MAMP/htdocs/core/Core.php line 47
[26-Apr-2024 10:54:20 Europe/Paris] Exception : Error executing SQL command: SQLSTATE[42S02]: Base table or view not found: 1146 Table 'my_cinema.movie_genre' doesn't exist. File: /Applications/MAMP/htdocs/core/../migrations//2024-04-26-08-54-20.sql. File : /Applications/MAMP/htdocs/core/Core.php line 47
[26-Apr-2024 10:54:21 Europe/Paris] Exception : Error executing SQL command: SQLSTATE[42S02]: Base table or view not found: 1051 Unknown table 'my_cinema.movie'. File: /Applications/MAMP/htdocs/core/../migrations//2024-04-26-08-54-21.sql. File : /Applications/MAMP/htdocs/core/Core.php line 47
[26-Apr-2024 10:54:22 Europe/Paris] Exception : Error executing SQL command: SQLSTATE[42S02]: Base table or view not found: 1146 Table 'my_cinema.movie_genre' doesn't exist. File: /Applications/MAMP/htdocs/core/../migrations//2024-04-26-08-54-22.sql. File : /Applications/MAMP/htdocs/core/Core.php line 47
[26-Apr-2024 10:54:23 Europe/Paris] Exception : Error executing SQL command: SQLSTATE[42S02]: Base table or view not found: 1051 Unknown table 'my_cinema.movie'. File: /Applications/MAMP/htdocs/core/../migrations//2024-04-26-08-54-23.sql. File : /Applications/MAMP/htdocs/core/Core.php line 47
[26-Apr-2024 10:54:23 Europe/Paris] Exception : Error executing SQL command: SQLSTATE[42S02]: Base table or view not found: 1146 Table 'my_cinema.movie_genre' doesn't exist. File: /Applications/MAMP/htdocs/core/../migrations//2024-04-26-08-54-23.sql. File : /Applications/MAMP/htdocs/core/Core.php line 47
[26-Apr-2024 10:54:25 Europe/Paris] Exception : Error executing SQL command: SQLSTATE[42S02]: Base table or view not found: 1051 Unknown table 'my_cinema.movie'. File: /Applications/MAMP/htdocs/core/../migrations//2024-04-26-08-54-25.sql. File : /Applications/MAMP/htdocs/core/Core.php line 47
[26-Apr-2024 11:03:13 Europe/Paris] Exception : Missing @Column annotation for Movie::genre_name. File : /Applications/MAMP/htdocs/core/Core.php line 47
[26-Apr-2024 12:13:13 Europe/Paris] Exception : Property App\Entity\Movie::$0 does not exist. File : /Applications/MAMP/htdocs/core/Core.php line 47
[26-Apr-2024 13:18:02 Europe/Paris] Exception : Property App\Entity\Movie::$0 does not exist. File : /Applications/MAMP/htdocs/core/Core.php line 47
[26-Apr-2024 13:18:03 Europe/Paris] Exception : Property App\Entity\Movie::$0 does not exist. File : /Applications/MAMP/htdocs/core/Core.php line 47
[26-Apr-2024 13:18:03 Europe/Paris] Exception : Property App\Entity\Movie::$0 does not exist. File : /Applications/MAMP/htdocs/core/Core.php line 47
[26-Apr-2024 13:18:04 Europe/Paris] Exception : Property App\Entity\Movie::$0 does not exist. File : /Applications/MAMP/htdocs/core/Core.php line 47
[26-Apr-2024 13:18:38 Europe/Paris] Exception : Property App\Entity\Movie::$0 does not exist. File : /Applications/MAMP/htdocs/core/Core.php line 47
[26-Apr-2024 13:21:01 Europe/Paris] Exception : Property App\Entity\Movie::$0 does not exist. File : /Applications/MAMP/htdocs/core/Core.php line 47
[26-Apr-2024 13:21:02 Europe/Paris] Exception : Property App\Entity\Movie::$0 does not exist. File : /Applications/MAMP/htdocs/core/Core.php line 47
[26-Apr-2024 13:21:10 Europe/Paris] Exception : Property App\Entity\Movie::$0 does not exist. File : /Applications/MAMP/htdocs/core/Core.php line 47
[26-Apr-2024 13:21:10 Europe/Paris] Exception : Property App\Entity\Movie::$0 does not exist. File : /Applications/MAMP/htdocs/core/Core.php line 47
[26-Apr-2024 13:21:21 Europe/Paris] Exception : Property App\Entity\Movie::$0 does not exist. File : /Applications/MAMP/htdocs/core/Core.php line 47
[26-Apr-2024 13:22:31 Europe/Paris] Exception : Property App\Entity\Movie::$0 does not exist. File : /Applications/MAMP/htdocs/core/Core.php line 47
[26-Apr-2024 13:22:45 Europe/Paris] Exception : Property App\Entity\Movie::$0 does not exist. File : /Applications/MAMP/htdocs/core/Core.php line 47
[26-Apr-2024 13:22:50 Europe/Paris] Exception : Property App\Entity\Movie::$0 does not exist. File : /Applications/MAMP/htdocs/core/Core.php line 47
[26-Apr-2024 13:22:51 Europe/Paris] Exception : Property App\Entity\Movie::$0 does not exist. File : /Applications/MAMP/htdocs/core/Core.php line 47
[26-Apr-2024 13:23:24 Europe/Paris] Exception : Property App\Entity\Movie::$0 does not exist. File : /Applications/MAMP/htdocs/core/Core.php line 47
[26-Apr-2024 13:28:13 Europe/Paris] Exception : Property App\Entity\Movie::$0 does not exist. File : /Applications/MAMP/htdocs/core/Core.php line 47
[26-Apr-2024 13:28:31 Europe/Paris] Exception : Property App\Entity\Movie::$0 does not exist. File : /Applications/MAMP/htdocs/core/Core.php line 47
[26-Apr-2024 14:31:57 Europe/Paris] Exception : Migrations directory not found: /Applications/MAMP/htdocs/core/../migrations/. File : /Applications/MAMP/htdocs/core/Core.php line 47
[26-Apr-2024 18:54:49 Europe/Paris] Exception : Table user does not exist. File : /Applications/MAMP/htdocs/core/Core.php line 47
[26-Apr-2024 18:56:32 Europe/Paris] Exception : Table user does not exist. File : /Applications/MAMP/htdocs/core/Core.php line 47
[26-Apr-2024 18:57:45 Europe/Paris] Exception : Table user does not exist. File : /Applications/MAMP/htdocs/core/Core.php line 47
[26-Apr-2024 18:57:47 Europe/Paris] Exception : Table user does not exist. File : /Applications/MAMP/htdocs/core/Core.php line 47
[26-Apr-2024 18:57:48 Europe/Paris] Exception : Table user does not exist. File : /Applications/MAMP/htdocs/core/Core.php line 47
[26-Apr-2024 18:57:48 Europe/Paris] Exception : Table user does not exist. File : /Applications/MAMP/htdocs/core/Core.php line 47
[26-Apr-2024 18:57:49 Europe/Paris] Exception : Table user does not exist. File : /Applications/MAMP/htdocs/core/Core.php line 47
[26-Apr-2024 18:57:49 Europe/Paris] Exception : Table user does not exist. File : /Applications/MAMP/htdocs/core/Core.php line 47
[26-Apr-2024 19:04:28 Europe/Paris] Exception : The requested route has no match. File : /Applications/MAMP/htdocs/core/Core.php line 47
[26-Apr-2024 19:08:32 Europe/Paris] Exception : Table user does not exist. File : /Applications/MAMP/htdocs/core/Core.php line 47
[27-Apr-2024 10:05:55 Europe/Paris] Exception : The requested route has no match. File : /Applications/MAMP/htdocs/myapp/core/Core.php line 47
[27-Apr-2024 10:08:11 Europe/Paris] Exception : Error executing SQL command: SQLSTATE[23000]: Integrity constraint violation: 1062 Duplicate entry '1' for key 'PRIMARY'. File: /Applications/MAMP/htdocs/myapp/core/../migration//2024-04-27-08-08-11.sql. File : /Applications/MAMP/htdocs/myapp/core/Core.php line 47
[27-Apr-2024 10:12:15 Europe/Paris] Exception : Error executing SQL command: SQLSTATE[42000]: Syntax error or access violation: 1064 You have an error in your SQL syntax; check the manual that corresponds to your MySQL server version for the right syntax to use near 'PRIMARY KEY (`id`)MODIFY COLUMN `id` integer AUTO_INCREMENT NOT NULL, MODIFY COL' at line 1. File: /Applications/MAMP/htdocs/myapp/core/../migration//2024-04-27-08-12-15.sql. File : /Applications/MAMP/htdocs/myapp/core/Core.php line 47
[27-Apr-2024 10:13:11 Europe/Paris] Exception : Error executing SQL command: SQLSTATE[42000]: Syntax error or access violation: 1064 You have an error in your SQL syntax; check the manual that corresponds to your MySQL server version for the right syntax to use near 'PRIMARY KEY (`id`)
ALTER TABLE `movie` MODIFY COLUMN `id` integer AUTO_INCREMENT' at line 1. File: /Applications/MAMP/htdocs/myapp/core/../migration//2024-04-27-08-13-11.sql. File : /Applications/MAMP/htdocs/myapp/core/Core.php line 47
[27-Apr-2024 10:13:12 Europe/Paris] Exception : The requested route has no match. File : /Applications/MAMP/htdocs/myapp/core/Core.php line 47
[27-Apr-2024 10:15:08 Europe/Paris] Exception : The requested route has no match. File : /Applications/MAMP/htdocs/myapp/core/Core.php line 47
[27-Apr-2024 10:26:39 Europe/Paris] Exception : The requested route has no match. File : /Applications/MAMP/htdocs/myapp/core/Core.php line 47
[27-Apr-2024 10:27:45 Europe/Paris] Exception : The requested route has no match. File : /Applications/MAMP/htdocs/myapp/core/Core.php line 47
